{"C:\\Users\\anas0\\Desktop\\4ISI\\MERN\\mern_project\\server\\src\\__tests__\\setup.js": {"path":"C:\\Users\\anas0\\Desktop\\4ISI\\MERN\\mern_project\\server\\src\\__tests__\\setup.js","statementMap":{"0":{"start":{"line":5,"column":0},"end":{"line":5,"column":37}},"1":{"start":{"line":8,"column":18},"end":{"line":8,"column":23}},"2":{"start":{"line":11,"column":0},"end":{"line":27,"column":3}},"3":{"start":{"line":12,"column":2},"end":{"line":26,"column":3}},"4":{"start":{"line":13,"column":4},"end":{"line":16,"column":5}},"5":{"start":{"line":14,"column":6},"end":{"line":14,"column":52}},"6":{"start":{"line":15,"column":6},"end":{"line":15,"column":25}},"7":{"start":{"line":19,"column":24},"end":{"line":19,"column":55}},"8":{"start":{"line":20,"column":4},"end":{"line":22,"column":5}},"9":{"start":{"line":21,"column":6},"end":{"line":21,"column":44}},"10":{"start":{"line":24,"column":4},"end":{"line":24,"column":61}},"11":{"start":{"line":25,"column":4},"end":{"line":25,"column":16}},"12":{"start":{"line":30,"column":0},"end":{"line":40,"column":3}},"13":{"start":{"line":31,"column":2},"end":{"line":39,"column":3}},"14":{"start":{"line":32,"column":24},"end":{"line":32,"column":55}},"15":{"start":{"line":33,"column":4},"end":{"line":35,"column":5}},"16":{"start":{"line":34,"column":6},"end":{"line":34,"column":44}},"17":{"start":{"line":37,"column":4},"end":{"line":37,"column":56}},"18":{"start":{"line":38,"column":4},"end":{"line":38,"column":16}},"19":{"start":{"line":43,"column":0},"end":{"line":60,"column":3}},"20":{"start":{"line":44,"column":2},"end":{"line":59,"column":3}},"21":{"start":{"line":46,"column":24},"end":{"line":46,"column":55}},"22":{"start":{"line":47,"column":4},"end":{"line":49,"column":5}},"23":{"start":{"line":48,"column":6},"end":{"line":48,"column":44}},"24":{"start":{"line":52,"column":4},"end":{"line":56,"column":5}},"25":{"start":{"line":53,"column":6},"end":{"line":53,"column":47}},"26":{"start":{"line":54,"column":6},"end":{"line":54,"column":40}},"27":{"start":{"line":55,"column":6},"end":{"line":55,"column":26}},"28":{"start":{"line":58,"column":4},"end":{"line":58,"column":59}}},"fnMap":{"0":{"name":"(anonymous_0)","decl":{"start":{"line":11,"column":10},"end":{"line":11,"column":11}},"loc":{"start":{"line":11,"column":22},"end":{"line":27,"column":1}},"line":11},"1":{"name":"(anonymous_1)","decl":{"start":{"line":30,"column":10},"end":{"line":30,"column":11}},"loc":{"start":{"line":30,"column":22},"end":{"line":40,"column":1}},"line":30},"2":{"name":"(anonymous_2)","decl":{"start":{"line":43,"column":9},"end":{"line":43,"column":10}},"loc":{"start":{"line":43,"column":21},"end":{"line":60,"column":1}},"line":43}},"branchMap":{"0":{"loc":{"start":{"line":13,"column":4},"end":{"line":16,"column":5}},"type":"if","locations":[{"start":{"line":13,"column":4},"end":{"line":16,"column":5}},{"start":{},"end":{}}],"line":13},"1":{"loc":{"start":{"line":52,"column":4},"end":{"line":56,"column":5}},"type":"if","locations":[{"start":{"line":52,"column":4},"end":{"line":56,"column":5}},{"start":{},"end":{}}],"line":52}},"s":{"0":5,"1":5,"2":5,"3":5,"4":5,"5":5,"6":5,"7":5,"8":5,"9":12,"10":0,"11":0,"12":5,"13":121,"14":121,"15":121,"16":309,"17":0,"18":0,"19":5,"20":5,"21":5,"22":5,"23":12,"24":5,"25":5,"26":5,"27":5,"28":0},"f":{"0":5,"1":121,"2":5},"b":{"0":[5,0],"1":[5,0]},"_coverageSchema":"1a1c01bbd47fc00a2c39e90264f33305004495a9","hash":"53a1897e0b5d7ee81e0ddee853eb8467a5334bcf"}
,"C:\\Users\\anas0\\Desktop\\4ISI\\MERN\\mern_project\\server\\src\\controllers\\authController.js": {"path":"C:\\Users\\anas0\\Desktop\\4ISI\\MERN\\mern_project\\server\\src\\controllers\\authController.js","statementMap":{"0":{"start":{"line":7,"column":24},"end":{"line":50,"column":1}},"1":{"start":{"line":8,"column":2},"end":{"line":49,"column":3}},"2":{"start":{"line":9,"column":75},"end":{"line":9,"column":83}},"3":{"start":{"line":12,"column":23},"end":{"line":12,"column":52}},"4":{"start":{"line":13,"column":4},"end":{"line":18,"column":5}},"5":{"start":{"line":14,"column":6},"end":{"line":17,"column":9}},"6":{"start":{"line":21,"column":17},"end":{"line":30,"column":6}},"7":{"start":{"line":33,"column":18},"end":{"line":33,"column":41}},"8":{"start":{"line":35,"column":4},"end":{"line":46,"column":7}},"9":{"start":{"line":48,"column":4},"end":{"line":48,"column":16}},"10":{"start":{"line":55,"column":21},"end":{"line":105,"column":1}},"11":{"start":{"line":56,"column":2},"end":{"line":104,"column":3}},"12":{"start":{"line":57,"column":32},"end":{"line":57,"column":40}},"13":{"start":{"line":60,"column":4},"end":{"line":65,"column":5}},"14":{"start":{"line":61,"column":6},"end":{"line":64,"column":9}},"15":{"start":{"line":68,"column":17},"end":{"line":68,"column":66}},"16":{"start":{"line":70,"column":4},"end":{"line":75,"column":5}},"17":{"start":{"line":71,"column":6},"end":{"line":74,"column":9}},"18":{"start":{"line":78,"column":20},"end":{"line":78,"column":56}},"19":{"start":{"line":80,"column":4},"end":{"line":85,"column":5}},"20":{"start":{"line":81,"column":6},"end":{"line":84,"column":9}},"21":{"start":{"line":88,"column":18},"end":{"line":88,"column":41}},"22":{"start":{"line":90,"column":4},"end":{"line":101,"column":7}},"23":{"start":{"line":103,"column":4},"end":{"line":103,"column":16}},"24":{"start":{"line":110,"column":21},"end":{"line":121,"column":1}},"25":{"start":{"line":111,"column":2},"end":{"line":120,"column":3}},"26":{"start":{"line":112,"column":17},"end":{"line":112,"column":49}},"27":{"start":{"line":114,"column":4},"end":{"line":117,"column":7}},"28":{"start":{"line":119,"column":4},"end":{"line":119,"column":16}}},"fnMap":{"0":{"name":"(anonymous_0)","decl":{"start":{"line":7,"column":24},"end":{"line":7,"column":25}},"loc":{"start":{"line":7,"column":50},"end":{"line":50,"column":1}},"line":7},"1":{"name":"(anonymous_1)","decl":{"start":{"line":55,"column":21},"end":{"line":55,"column":22}},"loc":{"start":{"line":55,"column":47},"end":{"line":105,"column":1}},"line":55},"2":{"name":"(anonymous_2)","decl":{"start":{"line":110,"column":21},"end":{"line":110,"column":22}},"loc":{"start":{"line":110,"column":47},"end":{"line":121,"column":1}},"line":110}},"branchMap":{"0":{"loc":{"start":{"line":13,"column":4},"end":{"line":18,"column":5}},"type":"if","locations":[{"start":{"line":13,"column":4},"end":{"line":18,"column":5}},{"start":{},"end":{}}],"line":13},"1":{"loc":{"start":{"line":60,"column":4},"end":{"line":65,"column":5}},"type":"if","locations":[{"start":{"line":60,"column":4},"end":{"line":65,"column":5}},{"start":{},"end":{}}],"line":60},"2":{"loc":{"start":{"line":60,"column":8},"end":{"line":60,"column":27}},"type":"binary-expr","locations":[{"start":{"line":60,"column":8},"end":{"line":60,"column":14}},{"start":{"line":60,"column":18},"end":{"line":60,"column":27}}],"line":60},"3":{"loc":{"start":{"line":70,"column":4},"end":{"line":75,"column":5}},"type":"if","locations":[{"start":{"line":70,"column":4},"end":{"line":75,"column":5}},{"start":{},"end":{}}],"line":70},"4":{"loc":{"start":{"line":80,"column":4},"end":{"line":85,"column":5}},"type":"if","locations":[{"start":{"line":80,"column":4},"end":{"line":85,"column":5}},{"start":{},"end":{}}],"line":80}},"s":{"0":5,"1":153,"2":153,"3":153,"4":153,"5":1,"6":152,"7":152,"8":152,"9":0,"10":5,"11":3,"12":3,"13":3,"14":0,"15":3,"16":3,"17":1,"18":2,"19":2,"20":1,"21":1,"22":1,"23":0,"24":5,"25":1,"26":1,"27":1,"28":0},"f":{"0":153,"1":3,"2":1},"b":{"0":[1,152],"1":[0,3],"2":[3,3],"3":[1,2],"4":[1,1]},"_coverageSchema":"1a1c01bbd47fc00a2c39e90264f33305004495a9","hash":"a1573657211818e4297c4035eb744b673509cbcd"}
,"C:\\Users\\anas0\\Desktop\\4ISI\\MERN\\mern_project\\server\\src\\controllers\\exerciseController.js": {"path":"C:\\Users\\anas0\\Desktop\\4ISI\\MERN\\mern_project\\server\\src\\controllers\\exerciseController.js","statementMap":{"0":{"start":{"line":6,"column":31},"end":{"line":27,"column":1}},"1":{"start":{"line":7,"column":2},"end":{"line":26,"column":3}},"2":{"start":{"line":8,"column":56},"end":{"line":8,"column":65}},"3":{"start":{"line":11,"column":17},"end":{"line":11,"column":43}},"4":{"start":{"line":13,"column":4},"end":{"line":13,"column":69}},"5":{"start":{"line":13,"column":26},"end":{"line":13,"column":69}},"6":{"start":{"line":14,"column":4},"end":{"line":14,"column":51}},"7":{"start":{"line":14,"column":20},"end":{"line":14,"column":51}},"8":{"start":{"line":15,"column":4},"end":{"line":15,"column":48}},"9":{"start":{"line":15,"column":19},"end":{"line":15,"column":48}},"10":{"start":{"line":17,"column":22},"end":{"line":17,"column":66}},"11":{"start":{"line":19,"column":4},"end":{"line":23,"column":7}},"12":{"start":{"line":25,"column":4},"end":{"line":25,"column":16}},"13":{"start":{"line":32,"column":31},"end":{"line":54,"column":1}},"14":{"start":{"line":33,"column":2},"end":{"line":53,"column":3}},"15":{"start":{"line":35,"column":21},"end":{"line":38,"column":6}},"16":{"start":{"line":40,"column":4},"end":{"line":45,"column":5}},"17":{"start":{"line":41,"column":6},"end":{"line":44,"column":9}},"18":{"start":{"line":47,"column":4},"end":{"line":50,"column":7}},"19":{"start":{"line":52,"column":4},"end":{"line":52,"column":16}},"20":{"start":{"line":59,"column":30},"end":{"line":74,"column":1}},"21":{"start":{"line":60,"column":2},"end":{"line":73,"column":3}},"22":{"start":{"line":62,"column":4},"end":{"line":62,"column":37}},"23":{"start":{"line":64,"column":21},"end":{"line":64,"column":52}},"24":{"start":{"line":66,"column":4},"end":{"line":70,"column":7}},"25":{"start":{"line":72,"column":4},"end":{"line":72,"column":16}},"26":{"start":{"line":79,"column":30},"end":{"line":110,"column":1}},"27":{"start":{"line":80,"column":2},"end":{"line":109,"column":3}},"28":{"start":{"line":82,"column":19},"end":{"line":85,"column":6}},"29":{"start":{"line":87,"column":4},"end":{"line":92,"column":5}},"30":{"start":{"line":88,"column":6},"end":{"line":91,"column":9}},"31":{"start":{"line":95,"column":4},"end":{"line":95,"column":30}},"32":{"start":{"line":97,"column":4},"end":{"line":100,"column":7}},"33":{"start":{"line":102,"column":4},"end":{"line":106,"column":7}},"34":{"start":{"line":108,"column":4},"end":{"line":108,"column":16}},"35":{"start":{"line":115,"column":30},"end":{"line":139,"column":1}},"36":{"start":{"line":116,"column":2},"end":{"line":138,"column":3}},"37":{"start":{"line":118,"column":21},"end":{"line":121,"column":6}},"38":{"start":{"line":123,"column":4},"end":{"line":128,"column":5}},"39":{"start":{"line":124,"column":6},"end":{"line":127,"column":9}},"40":{"start":{"line":130,"column":4},"end":{"line":130,"column":31}},"41":{"start":{"line":132,"column":4},"end":{"line":135,"column":7}},"42":{"start":{"line":137,"column":4},"end":{"line":137,"column":16}}},"fnMap":{"0":{"name":"(anonymous_0)","decl":{"start":{"line":6,"column":31},"end":{"line":6,"column":32}},"loc":{"start":{"line":6,"column":57},"end":{"line":27,"column":1}},"line":6},"1":{"name":"(anonymous_1)","decl":{"start":{"line":32,"column":31},"end":{"line":32,"column":32}},"loc":{"start":{"line":32,"column":57},"end":{"line":54,"column":1}},"line":32},"2":{"name":"(anonymous_2)","decl":{"start":{"line":59,"column":30},"end":{"line":59,"column":31}},"loc":{"start":{"line":59,"column":56},"end":{"line":74,"column":1}},"line":59},"3":{"name":"(anonymous_3)","decl":{"start":{"line":79,"column":30},"end":{"line":79,"column":31}},"loc":{"start":{"line":79,"column":56},"end":{"line":110,"column":1}},"line":79},"4":{"name":"(anonymous_4)","decl":{"start":{"line":115,"column":30},"end":{"line":115,"column":31}},"loc":{"start":{"line":115,"column":56},"end":{"line":139,"column":1}},"line":115}},"branchMap":{"0":{"loc":{"start":{"line":13,"column":4},"end":{"line":13,"column":69}},"type":"if","locations":[{"start":{"line":13,"column":4},"end":{"line":13,"column":69}},{"start":{},"end":{}}],"line":13},"1":{"loc":{"start":{"line":14,"column":4},"end":{"line":14,"column":51}},"type":"if","locations":[{"start":{"line":14,"column":4},"end":{"line":14,"column":51}},{"start":{},"end":{}}],"line":14},"2":{"loc":{"start":{"line":15,"column":4},"end":{"line":15,"column":48}},"type":"if","locations":[{"start":{"line":15,"column":4},"end":{"line":15,"column":48}},{"start":{},"end":{}}],"line":15},"3":{"loc":{"start":{"line":40,"column":4},"end":{"line":45,"column":5}},"type":"if","locations":[{"start":{"line":40,"column":4},"end":{"line":45,"column":5}},{"start":{},"end":{}}],"line":40},"4":{"loc":{"start":{"line":87,"column":4},"end":{"line":92,"column":5}},"type":"if","locations":[{"start":{"line":87,"column":4},"end":{"line":92,"column":5}},{"start":{},"end":{}}],"line":87},"5":{"loc":{"start":{"line":123,"column":4},"end":{"line":128,"column":5}},"type":"if","locations":[{"start":{"line":123,"column":4},"end":{"line":128,"column":5}},{"start":{},"end":{}}],"line":123}},"s":{"0":3,"1":7,"2":7,"3":7,"4":7,"5":1,"6":7,"7":2,"8":7,"9":2,"10":7,"11":7,"12":0,"13":3,"14":3,"15":3,"16":3,"17":2,"18":1,"19":0,"20":3,"21":73,"22":73,"23":73,"24":73,"25":0,"26":3,"27":3,"28":3,"29":3,"30":2,"31":1,"32":1,"33":1,"34":0,"35":3,"36":3,"37":3,"38":3,"39":2,"40":1,"41":1,"42":0},"f":{"0":7,"1":3,"2":73,"3":3,"4":3},"b":{"0":[1,6],"1":[2,5],"2":[2,5],"3":[2,1],"4":[2,1],"5":[2,1]},"_coverageSchema":"1a1c01bbd47fc00a2c39e90264f33305004495a9","hash":"3dc1c3cb1ee088639d9b85dc4a788976c4ffefe0"}
,"C:\\Users\\anas0\\Desktop\\4ISI\\MERN\\mern_project\\server\\src\\controllers\\logController.js": {"path":"C:\\Users\\anas0\\Desktop\\4ISI\\MERN\\mern_project\\server\\src\\controllers\\logController.js","statementMap":{"0":{"start":{"line":8,"column":25},"end":{"line":35,"column":1}},"1":{"start":{"line":9,"column":2},"end":{"line":34,"column":3}},"2":{"start":{"line":10,"column":47},"end":{"line":10,"column":56}},"3":{"start":{"line":12,"column":17},"end":{"line":12,"column":40}},"4":{"start":{"line":15,"column":4},"end":{"line":19,"column":5}},"5":{"start":{"line":16,"column":6},"end":{"line":16,"column":23}},"6":{"start":{"line":17,"column":6},"end":{"line":17,"column":60}},"7":{"start":{"line":17,"column":21},"end":{"line":17,"column":60}},"8":{"start":{"line":18,"column":6},"end":{"line":18,"column":56}},"9":{"start":{"line":18,"column":19},"end":{"line":18,"column":56}},"10":{"start":{"line":21,"column":17},"end":{"line":25,"column":29}},"11":{"start":{"line":27,"column":4},"end":{"line":31,"column":7}},"12":{"start":{"line":33,"column":4},"end":{"line":33,"column":16}},"13":{"start":{"line":40,"column":26},"end":{"line":68,"column":1}},"14":{"start":{"line":41,"column":2},"end":{"line":67,"column":3}},"15":{"start":{"line":42,"column":16},"end":{"line":44,"column":39}},"16":{"start":{"line":46,"column":4},"end":{"line":51,"column":5}},"17":{"start":{"line":47,"column":6},"end":{"line":50,"column":9}},"18":{"start":{"line":54,"column":4},"end":{"line":59,"column":5}},"19":{"start":{"line":55,"column":6},"end":{"line":58,"column":9}},"20":{"start":{"line":61,"column":4},"end":{"line":64,"column":7}},"21":{"start":{"line":66,"column":4},"end":{"line":66,"column":16}},"22":{"start":{"line":73,"column":25},"end":{"line":128,"column":1}},"23":{"start":{"line":74,"column":2},"end":{"line":127,"column":3}},"24":{"start":{"line":75,"column":57},"end":{"line":75,"column":65}},"25":{"start":{"line":78,"column":4},"end":{"line":83,"column":5}},"26":{"start":{"line":79,"column":6},"end":{"line":82,"column":9}},"27":{"start":{"line":86,"column":4},"end":{"line":94,"column":5}},"28":{"start":{"line":87,"column":22},"end":{"line":87,"column":55}},"29":{"start":{"line":88,"column":6},"end":{"line":93,"column":7}},"30":{"start":{"line":89,"column":8},"end":{"line":92,"column":11}},"31":{"start":{"line":97,"column":4},"end":{"line":105,"column":5}},"32":{"start":{"line":98,"column":29},"end":{"line":98,"column":73}},"33":{"start":{"line":99,"column":6},"end":{"line":104,"column":7}},"34":{"start":{"line":100,"column":8},"end":{"line":103,"column":11}},"35":{"start":{"line":108,"column":16},"end":{"line":115,"column":6}},"36":{"start":{"line":118,"column":4},"end":{"line":118,"column":71}},"37":{"start":{"line":120,"column":4},"end":{"line":124,"column":7}},"38":{"start":{"line":126,"column":4},"end":{"line":126,"column":16}},"39":{"start":{"line":133,"column":25},"end":{"line":166,"column":1}},"40":{"start":{"line":134,"column":2},"end":{"line":165,"column":3}},"41":{"start":{"line":135,"column":14},"end":{"line":135,"column":54}},"42":{"start":{"line":137,"column":4},"end":{"line":142,"column":5}},"43":{"start":{"line":138,"column":6},"end":{"line":141,"column":9}},"44":{"start":{"line":145,"column":4},"end":{"line":150,"column":5}},"45":{"start":{"line":146,"column":6},"end":{"line":149,"column":9}},"46":{"start":{"line":152,"column":4},"end":{"line":156,"column":63}},"47":{"start":{"line":158,"column":4},"end":{"line":162,"column":7}},"48":{"start":{"line":164,"column":4},"end":{"line":164,"column":16}},"49":{"start":{"line":171,"column":25},"end":{"line":199,"column":1}},"50":{"start":{"line":172,"column":2},"end":{"line":198,"column":3}},"51":{"start":{"line":173,"column":16},"end":{"line":173,"column":56}},"52":{"start":{"line":175,"column":4},"end":{"line":180,"column":5}},"53":{"start":{"line":176,"column":6},"end":{"line":179,"column":9}},"54":{"start":{"line":183,"column":4},"end":{"line":188,"column":5}},"55":{"start":{"line":184,"column":6},"end":{"line":187,"column":9}},"56":{"start":{"line":190,"column":4},"end":{"line":190,"column":26}},"57":{"start":{"line":192,"column":4},"end":{"line":195,"column":7}},"58":{"start":{"line":197,"column":4},"end":{"line":197,"column":16}},"59":{"start":{"line":204,"column":26},"end":{"line":229,"column":1}},"60":{"start":{"line":205,"column":2},"end":{"line":228,"column":3}},"61":{"start":{"line":206,"column":17},"end":{"line":206,"column":63}},"62":{"start":{"line":209,"column":25},"end":{"line":209,"column":36}},"63":{"start":{"line":210,"column":23},"end":{"line":210,"column":75}},"64":{"start":{"line":210,"column":49},"end":{"line":210,"column":71}},"65":{"start":{"line":213,"column":27},"end":{"line":215,"column":12}},"66":{"start":{"line":214,"column":28},"end":{"line":214,"column":43}},"67":{"start":{"line":217,"column":4},"end":{"line":225,"column":7}},"68":{"start":{"line":227,"column":4},"end":{"line":227,"column":16}}},"fnMap":{"0":{"name":"(anonymous_0)","decl":{"start":{"line":8,"column":25},"end":{"line":8,"column":26}},"loc":{"start":{"line":8,"column":51},"end":{"line":35,"column":1}},"line":8},"1":{"name":"(anonymous_1)","decl":{"start":{"line":40,"column":26},"end":{"line":40,"column":27}},"loc":{"start":{"line":40,"column":52},"end":{"line":68,"column":1}},"line":40},"2":{"name":"(anonymous_2)","decl":{"start":{"line":73,"column":25},"end":{"line":73,"column":26}},"loc":{"start":{"line":73,"column":51},"end":{"line":128,"column":1}},"line":73},"3":{"name":"(anonymous_3)","decl":{"start":{"line":133,"column":25},"end":{"line":133,"column":26}},"loc":{"start":{"line":133,"column":51},"end":{"line":166,"column":1}},"line":133},"4":{"name":"(anonymous_4)","decl":{"start":{"line":171,"column":25},"end":{"line":171,"column":26}},"loc":{"start":{"line":171,"column":51},"end":{"line":199,"column":1}},"line":171},"5":{"name":"(anonymous_5)","decl":{"start":{"line":204,"column":26},"end":{"line":204,"column":27}},"loc":{"start":{"line":204,"column":52},"end":{"line":229,"column":1}},"line":204},"6":{"name":"(anonymous_6)","decl":{"start":{"line":210,"column":35},"end":{"line":210,"column":36}},"loc":{"start":{"line":210,"column":49},"end":{"line":210,"column":71}},"line":210},"7":{"name":"(anonymous_7)","decl":{"start":{"line":214,"column":18},"end":{"line":214,"column":19}},"loc":{"start":{"line":214,"column":28},"end":{"line":214,"column":43}},"line":214}},"branchMap":{"0":{"loc":{"start":{"line":10,"column":32},"end":{"line":10,"column":42}},"type":"default-arg","locations":[{"start":{"line":10,"column":40},"end":{"line":10,"column":42}}],"line":10},"1":{"loc":{"start":{"line":15,"column":4},"end":{"line":19,"column":5}},"type":"if","locations":[{"start":{"line":15,"column":4},"end":{"line":19,"column":5}},{"start":{},"end":{}}],"line":15},"2":{"loc":{"start":{"line":15,"column":8},"end":{"line":15,"column":28}},"type":"binary-expr","locations":[{"start":{"line":15,"column":8},"end":{"line":15,"column":17}},{"start":{"line":15,"column":21},"end":{"line":15,"column":28}}],"line":15},"3":{"loc":{"start":{"line":17,"column":6},"end":{"line":17,"column":60}},"type":"if","locations":[{"start":{"line":17,"column":6},"end":{"line":17,"column":60}},{"start":{},"end":{}}],"line":17},"4":{"loc":{"start":{"line":18,"column":6},"end":{"line":18,"column":56}},"type":"if","locations":[{"start":{"line":18,"column":6},"end":{"line":18,"column":56}},{"start":{},"end":{}}],"line":18},"5":{"loc":{"start":{"line":46,"column":4},"end":{"line":51,"column":5}},"type":"if","locations":[{"start":{"line":46,"column":4},"end":{"line":51,"column":5}},{"start":{},"end":{}}],"line":46},"6":{"loc":{"start":{"line":54,"column":4},"end":{"line":59,"column":5}},"type":"if","locations":[{"start":{"line":54,"column":4},"end":{"line":59,"column":5}},{"start":{},"end":{}}],"line":54},"7":{"loc":{"start":{"line":78,"column":4},"end":{"line":83,"column":5}},"type":"if","locations":[{"start":{"line":78,"column":4},"end":{"line":83,"column":5}},{"start":{},"end":{}}],"line":78},"8":{"loc":{"start":{"line":78,"column":8},"end":{"line":78,"column":44}},"type":"binary-expr","locations":[{"start":{"line":78,"column":8},"end":{"line":78,"column":18}},{"start":{"line":78,"column":22},"end":{"line":78,"column":44}}],"line":78},"9":{"loc":{"start":{"line":86,"column":4},"end":{"line":94,"column":5}},"type":"if","locations":[{"start":{"line":86,"column":4},"end":{"line":94,"column":5}},{"start":{},"end":{}}],"line":86},"10":{"loc":{"start":{"line":88,"column":6},"end":{"line":93,"column":7}},"type":"if","locations":[{"start":{"line":88,"column":6},"end":{"line":93,"column":7}},{"start":{},"end":{}}],"line":88},"11":{"loc":{"start":{"line":88,"column":10},"end":{"line":88,"column":63}},"type":"binary-expr","locations":[{"start":{"line":88,"column":10},"end":{"line":88,"column":18}},{"start":{"line":88,"column":22},"end":{"line":88,"column":63}}],"line":88},"12":{"loc":{"start":{"line":99,"column":6},"end":{"line":104,"column":7}},"type":"if","locations":[{"start":{"line":99,"column":6},"end":{"line":104,"column":7}},{"start":{},"end":{}}],"line":99},"13":{"loc":{"start":{"line":114,"column":12},"end":{"line":114,"column":30}},"type":"binary-expr","locations":[{"start":{"line":114,"column":12},"end":{"line":114,"column":16}},{"start":{"line":114,"column":20},"end":{"line":114,"column":30}}],"line":114},"14":{"loc":{"start":{"line":137,"column":4},"end":{"line":142,"column":5}},"type":"if","locations":[{"start":{"line":137,"column":4},"end":{"line":142,"column":5}},{"start":{},"end":{}}],"line":137},"15":{"loc":{"start":{"line":145,"column":4},"end":{"line":150,"column":5}},"type":"if","locations":[{"start":{"line":145,"column":4},"end":{"line":150,"column":5}},{"start":{},"end":{}}],"line":145},"16":{"loc":{"start":{"line":175,"column":4},"end":{"line":180,"column":5}},"type":"if","locations":[{"start":{"line":175,"column":4},"end":{"line":180,"column":5}},{"start":{},"end":{}}],"line":175},"17":{"loc":{"start":{"line":183,"column":4},"end":{"line":188,"column":5}},"type":"if","locations":[{"start":{"line":183,"column":4},"end":{"line":188,"column":5}},{"start":{},"end":{}}],"line":183},"18":{"loc":{"start":{"line":210,"column":56},"end":{"line":210,"column":70}},"type":"binary-expr","locations":[{"start":{"line":210,"column":56},"end":{"line":210,"column":65}},{"start":{"line":210,"column":69},"end":{"line":210,"column":70}}],"line":210},"19":{"loc":{"start":{"line":213,"column":27},"end":{"line":215,"column":12}},"type":"cond-expr","locations":[{"start":{"line":214,"column":8},"end":{"line":214,"column":52}},{"start":{"line":215,"column":8},"end":{"line":215,"column":12}}],"line":213},"20":{"loc":{"start":{"line":222,"column":22},"end":{"line":222,"column":82}},"type":"cond-expr","locations":[{"start":{"line":222,"column":41},"end":{"line":222,"column":78}},{"start":{"line":222,"column":81},"end":{"line":222,"column":82}}],"line":222}},"s":{"0":1,"1":7,"2":7,"3":7,"4":7,"5":3,"6":3,"7":2,"8":3,"9":2,"10":7,"11":7,"12":0,"13":1,"14":4,"15":4,"16":4,"17":2,"18":2,"19":1,"20":1,"21":0,"22":1,"23":36,"24":36,"25":36,"26":0,"27":36,"28":3,"29":3,"30":2,"31":34,"32":34,"33":34,"34":1,"35":33,"36":33,"37":33,"38":0,"39":1,"40":3,"41":3,"42":3,"43":1,"44":2,"45":1,"46":1,"47":1,"48":0,"49":1,"50":3,"51":3,"52":3,"53":1,"54":2,"55":1,"56":1,"57":1,"58":0,"59":1,"60":1,"61":1,"62":1,"63":1,"64":2,"65":1,"66":1,"67":1,"68":0},"f":{"0":7,"1":4,"2":36,"3":3,"4":3,"5":1,"6":2,"7":1},"b":{"0":[6],"1":[3,4],"2":[7,5],"3":[2,1],"4":[2,1],"5":[2,2],"6":[1,1],"7":[0,36],"8":[36,36],"9":[3,33],"10":[2,1],"11":[3,2],"12":[1,33],"13":[33,19],"14":[1,2],"15":[1,1],"16":[1,2],"17":[1,1],"18":[2,0],"19":[1,0],"20":[1,0]},"_coverageSchema":"1a1c01bbd47fc00a2c39e90264f33305004495a9","hash":"ca0b4fb1e480a54841a3bc25635549e6137d50aa"}
,"C:\\Users\\anas0\\Desktop\\4ISI\\MERN\\mern_project\\server\\src\\controllers\\progressController.js": {"path":"C:\\Users\\anas0\\Desktop\\4ISI\\MERN\\mern_project\\server\\src\\controllers\\progressController.js","statementMap":{"0":{"start":{"line":7,"column":29},"end":{"line":30,"column":1}},"1":{"start":{"line":8,"column":2},"end":{"line":29,"column":3}},"2":{"start":{"line":9,"column":35},"end":{"line":9,"column":44}},"3":{"start":{"line":11,"column":17},"end":{"line":11,"column":40}},"4":{"start":{"line":14,"column":4},"end":{"line":18,"column":5}},"5":{"start":{"line":15,"column":6},"end":{"line":15,"column":23}},"6":{"start":{"line":16,"column":6},"end":{"line":16,"column":60}},"7":{"start":{"line":16,"column":21},"end":{"line":16,"column":60}},"8":{"start":{"line":17,"column":6},"end":{"line":17,"column":56}},"9":{"start":{"line":17,"column":19},"end":{"line":17,"column":56}},"10":{"start":{"line":20,"column":21},"end":{"line":20,"column":67}},"11":{"start":{"line":22,"column":4},"end":{"line":26,"column":7}},"12":{"start":{"line":28,"column":4},"end":{"line":28,"column":16}},"13":{"start":{"line":35,"column":27},"end":{"line":64,"column":1}},"14":{"start":{"line":36,"column":2},"end":{"line":63,"column":3}},"15":{"start":{"line":37,"column":42},"end":{"line":37,"column":50}},"16":{"start":{"line":40,"column":17},"end":{"line":40,"column":49}},"17":{"start":{"line":42,"column":14},"end":{"line":42,"column":18}},"18":{"start":{"line":43,"column":4},"end":{"line":46,"column":5}},"19":{"start":{"line":44,"column":29},"end":{"line":44,"column":46}},"20":{"start":{"line":45,"column":6},"end":{"line":45,"column":67}},"21":{"start":{"line":48,"column":21},"end":{"line":54,"column":6}},"22":{"start":{"line":56,"column":4},"end":{"line":60,"column":7}},"23":{"start":{"line":62,"column":4},"end":{"line":62,"column":16}},"24":{"start":{"line":69,"column":30},"end":{"line":97,"column":1}},"25":{"start":{"line":70,"column":2},"end":{"line":96,"column":3}},"26":{"start":{"line":71,"column":21},"end":{"line":71,"column":59}},"27":{"start":{"line":73,"column":4},"end":{"line":78,"column":5}},"28":{"start":{"line":74,"column":6},"end":{"line":77,"column":9}},"29":{"start":{"line":81,"column":4},"end":{"line":86,"column":5}},"30":{"start":{"line":82,"column":6},"end":{"line":85,"column":9}},"31":{"start":{"line":88,"column":4},"end":{"line":88,"column":31}},"32":{"start":{"line":90,"column":4},"end":{"line":93,"column":7}},"33":{"start":{"line":95,"column":4},"end":{"line":95,"column":16}},"34":{"start":{"line":102,"column":33},"end":{"line":121,"column":1}},"35":{"start":{"line":103,"column":2},"end":{"line":120,"column":3}},"36":{"start":{"line":104,"column":21},"end":{"line":105,"column":25}},"37":{"start":{"line":107,"column":4},"end":{"line":112,"column":5}},"38":{"start":{"line":108,"column":6},"end":{"line":111,"column":9}},"39":{"start":{"line":114,"column":4},"end":{"line":117,"column":7}},"40":{"start":{"line":119,"column":4},"end":{"line":119,"column":16}}},"fnMap":{"0":{"name":"(anonymous_0)","decl":{"start":{"line":7,"column":29},"end":{"line":7,"column":30}},"loc":{"start":{"line":7,"column":55},"end":{"line":30,"column":1}},"line":7},"1":{"name":"(anonymous_1)","decl":{"start":{"line":35,"column":27},"end":{"line":35,"column":28}},"loc":{"start":{"line":35,"column":53},"end":{"line":64,"column":1}},"line":35},"2":{"name":"(anonymous_2)","decl":{"start":{"line":69,"column":30},"end":{"line":69,"column":31}},"loc":{"start":{"line":69,"column":56},"end":{"line":97,"column":1}},"line":69},"3":{"name":"(anonymous_3)","decl":{"start":{"line":102,"column":33},"end":{"line":102,"column":34}},"loc":{"start":{"line":102,"column":59},"end":{"line":121,"column":1}},"line":102}},"branchMap":{"0":{"loc":{"start":{"line":14,"column":4},"end":{"line":18,"column":5}},"type":"if","locations":[{"start":{"line":14,"column":4},"end":{"line":18,"column":5}},{"start":{},"end":{}}],"line":14},"1":{"loc":{"start":{"line":14,"column":8},"end":{"line":14,"column":28}},"type":"binary-expr","locations":[{"start":{"line":14,"column":8},"end":{"line":14,"column":17}},{"start":{"line":14,"column":21},"end":{"line":14,"column":28}}],"line":14},"2":{"loc":{"start":{"line":16,"column":6},"end":{"line":16,"column":60}},"type":"if","locations":[{"start":{"line":16,"column":6},"end":{"line":16,"column":60}},{"start":{},"end":{}}],"line":16},"3":{"loc":{"start":{"line":17,"column":6},"end":{"line":17,"column":56}},"type":"if","locations":[{"start":{"line":17,"column":6},"end":{"line":17,"column":56}},{"start":{},"end":{}}],"line":17},"4":{"loc":{"start":{"line":43,"column":4},"end":{"line":46,"column":5}},"type":"if","locations":[{"start":{"line":43,"column":4},"end":{"line":46,"column":5}},{"start":{},"end":{}}],"line":43},"5":{"loc":{"start":{"line":43,"column":8},"end":{"line":43,"column":28}},"type":"binary-expr","locations":[{"start":{"line":43,"column":8},"end":{"line":43,"column":13}},{"start":{"line":43,"column":17},"end":{"line":43,"column":28}}],"line":43},"6":{"loc":{"start":{"line":52,"column":12},"end":{"line":52,"column":30}},"type":"binary-expr","locations":[{"start":{"line":52,"column":12},"end":{"line":52,"column":16}},{"start":{"line":52,"column":20},"end":{"line":52,"column":30}}],"line":52},"7":{"loc":{"start":{"line":73,"column":4},"end":{"line":78,"column":5}},"type":"if","locations":[{"start":{"line":73,"column":4},"end":{"line":78,"column":5}},{"start":{},"end":{}}],"line":73},"8":{"loc":{"start":{"line":81,"column":4},"end":{"line":86,"column":5}},"type":"if","locations":[{"start":{"line":81,"column":4},"end":{"line":86,"column":5}},{"start":{},"end":{}}],"line":81},"9":{"loc":{"start":{"line":107,"column":4},"end":{"line":112,"column":5}},"type":"if","locations":[{"start":{"line":107,"column":4},"end":{"line":112,"column":5}},{"start":{},"end":{}}],"line":107}},"s":{"0":1,"1":9,"2":9,"3":9,"4":9,"5":3,"6":3,"7":2,"8":3,"9":2,"10":9,"11":9,"12":0,"13":1,"14":51,"15":51,"16":51,"17":51,"18":51,"19":50,"20":50,"21":51,"22":51,"23":0,"24":1,"25":4,"26":4,"27":4,"28":2,"29":2,"30":1,"31":1,"32":1,"33":0,"34":1,"35":2,"36":2,"37":2,"38":1,"39":1,"40":0},"f":{"0":9,"1":51,"2":4,"3":2},"b":{"0":[3,6],"1":[9,7],"2":[2,1],"3":[2,1],"4":[50,1],"5":[51,50],"6":[51,38],"7":[2,2],"8":[1,1],"9":[1,1]},"_coverageSchema":"1a1c01bbd47fc00a2c39e90264f33305004495a9","hash":"63cc1aea18e390a91bf60a7b76d814959a652939"}
,"C:\\Users\\anas0\\Desktop\\4ISI\\MERN\\mern_project\\server\\src\\controllers\\workoutController.js": {"path":"C:\\Users\\anas0\\Desktop\\4ISI\\MERN\\mern_project\\server\\src\\controllers\\workoutController.js","statementMap":{"0":{"start":{"line":7,"column":29},"end":{"line":21,"column":1}},"1":{"start":{"line":8,"column":2},"end":{"line":20,"column":3}},"2":{"start":{"line":9,"column":21},"end":{"line":11,"column":30}},"3":{"start":{"line":13,"column":4},"end":{"line":17,"column":7}},"4":{"start":{"line":19,"column":4},"end":{"line":19,"column":16}},"5":{"start":{"line":26,"column":30},"end":{"line":53,"column":1}},"6":{"start":{"line":27,"column":2},"end":{"line":52,"column":3}},"7":{"start":{"line":28,"column":20},"end":{"line":29,"column":39}},"8":{"start":{"line":31,"column":4},"end":{"line":36,"column":5}},"9":{"start":{"line":32,"column":6},"end":{"line":35,"column":9}},"10":{"start":{"line":39,"column":4},"end":{"line":44,"column":5}},"11":{"start":{"line":40,"column":6},"end":{"line":43,"column":9}},"12":{"start":{"line":46,"column":4},"end":{"line":49,"column":7}},"13":{"start":{"line":51,"column":4},"end":{"line":51,"column":16}},"14":{"start":{"line":58,"column":29},"end":{"line":100,"column":1}},"15":{"start":{"line":59,"column":2},"end":{"line":99,"column":3}},"16":{"start":{"line":60,"column":44},"end":{"line":60,"column":52}},"17":{"start":{"line":63,"column":4},"end":{"line":68,"column":5}},"18":{"start":{"line":64,"column":6},"end":{"line":67,"column":9}},"19":{"start":{"line":71,"column":4},"end":{"line":79,"column":5}},"20":{"start":{"line":72,"column":29},"end":{"line":72,"column":73}},"21":{"start":{"line":73,"column":6},"end":{"line":78,"column":7}},"22":{"start":{"line":74,"column":8},"end":{"line":77,"column":11}},"23":{"start":{"line":82,"column":20},"end":{"line":87,"column":6}},"24":{"start":{"line":90,"column":4},"end":{"line":90,"column":75}},"25":{"start":{"line":92,"column":4},"end":{"line":96,"column":7}},"26":{"start":{"line":98,"column":4},"end":{"line":98,"column":16}},"27":{"start":{"line":105,"column":29},"end":{"line":151,"column":1}},"28":{"start":{"line":106,"column":2},"end":{"line":150,"column":3}},"29":{"start":{"line":107,"column":18},"end":{"line":107,"column":55}},"30":{"start":{"line":109,"column":4},"end":{"line":114,"column":5}},"31":{"start":{"line":110,"column":6},"end":{"line":113,"column":9}},"32":{"start":{"line":117,"column":4},"end":{"line":122,"column":5}},"33":{"start":{"line":118,"column":6},"end":{"line":121,"column":9}},"34":{"start":{"line":125,"column":4},"end":{"line":135,"column":5}},"35":{"start":{"line":126,"column":6},"end":{"line":134,"column":7}},"36":{"start":{"line":127,"column":31},"end":{"line":127,"column":75}},"37":{"start":{"line":128,"column":8},"end":{"line":133,"column":9}},"38":{"start":{"line":129,"column":10},"end":{"line":132,"column":13}},"39":{"start":{"line":137,"column":4},"end":{"line":141,"column":63}},"40":{"start":{"line":143,"column":4},"end":{"line":147,"column":7}},"41":{"start":{"line":149,"column":4},"end":{"line":149,"column":16}},"42":{"start":{"line":156,"column":29},"end":{"line":184,"column":1}},"43":{"start":{"line":157,"column":2},"end":{"line":183,"column":3}},"44":{"start":{"line":158,"column":20},"end":{"line":158,"column":57}},"45":{"start":{"line":160,"column":4},"end":{"line":165,"column":5}},"46":{"start":{"line":161,"column":6},"end":{"line":164,"column":9}},"47":{"start":{"line":168,"column":4},"end":{"line":173,"column":5}},"48":{"start":{"line":169,"column":6},"end":{"line":172,"column":9}},"49":{"start":{"line":175,"column":4},"end":{"line":175,"column":30}},"50":{"start":{"line":177,"column":4},"end":{"line":180,"column":7}},"51":{"start":{"line":182,"column":4},"end":{"line":182,"column":16}}},"fnMap":{"0":{"name":"(anonymous_0)","decl":{"start":{"line":7,"column":29},"end":{"line":7,"column":30}},"loc":{"start":{"line":7,"column":55},"end":{"line":21,"column":1}},"line":7},"1":{"name":"(anonymous_1)","decl":{"start":{"line":26,"column":30},"end":{"line":26,"column":31}},"loc":{"start":{"line":26,"column":56},"end":{"line":53,"column":1}},"line":26},"2":{"name":"(anonymous_2)","decl":{"start":{"line":58,"column":29},"end":{"line":58,"column":30}},"loc":{"start":{"line":58,"column":55},"end":{"line":100,"column":1}},"line":58},"3":{"name":"(anonymous_3)","decl":{"start":{"line":105,"column":29},"end":{"line":105,"column":30}},"loc":{"start":{"line":105,"column":55},"end":{"line":151,"column":1}},"line":105},"4":{"name":"(anonymous_4)","decl":{"start":{"line":156,"column":29},"end":{"line":156,"column":30}},"loc":{"start":{"line":156,"column":55},"end":{"line":184,"column":1}},"line":156}},"branchMap":{"0":{"loc":{"start":{"line":31,"column":4},"end":{"line":36,"column":5}},"type":"if","locations":[{"start":{"line":31,"column":4},"end":{"line":36,"column":5}},{"start":{},"end":{}}],"line":31},"1":{"loc":{"start":{"line":39,"column":4},"end":{"line":44,"column":5}},"type":"if","locations":[{"start":{"line":39,"column":4},"end":{"line":44,"column":5}},{"start":{},"end":{}}],"line":39},"2":{"loc":{"start":{"line":63,"column":4},"end":{"line":68,"column":5}},"type":"if","locations":[{"start":{"line":63,"column":4},"end":{"line":68,"column":5}},{"start":{},"end":{}}],"line":63},"3":{"loc":{"start":{"line":63,"column":8},"end":{"line":63,"column":52}},"type":"binary-expr","locations":[{"start":{"line":63,"column":8},"end":{"line":63,"column":12}},{"start":{"line":63,"column":16},"end":{"line":63,"column":26}},{"start":{"line":63,"column":30},"end":{"line":63,"column":52}}],"line":63},"4":{"loc":{"start":{"line":73,"column":6},"end":{"line":78,"column":7}},"type":"if","locations":[{"start":{"line":73,"column":6},"end":{"line":78,"column":7}},{"start":{},"end":{}}],"line":73},"5":{"loc":{"start":{"line":109,"column":4},"end":{"line":114,"column":5}},"type":"if","locations":[{"start":{"line":109,"column":4},"end":{"line":114,"column":5}},{"start":{},"end":{}}],"line":109},"6":{"loc":{"start":{"line":117,"column":4},"end":{"line":122,"column":5}},"type":"if","locations":[{"start":{"line":117,"column":4},"end":{"line":122,"column":5}},{"start":{},"end":{}}],"line":117},"7":{"loc":{"start":{"line":125,"column":4},"end":{"line":135,"column":5}},"type":"if","locations":[{"start":{"line":125,"column":4},"end":{"line":135,"column":5}},{"start":{},"end":{}}],"line":125},"8":{"loc":{"start":{"line":128,"column":8},"end":{"line":133,"column":9}},"type":"if","locations":[{"start":{"line":128,"column":8},"end":{"line":133,"column":9}},{"start":{},"end":{}}],"line":128},"9":{"loc":{"start":{"line":160,"column":4},"end":{"line":165,"column":5}},"type":"if","locations":[{"start":{"line":160,"column":4},"end":{"line":165,"column":5}},{"start":{},"end":{}}],"line":160},"10":{"loc":{"start":{"line":168,"column":4},"end":{"line":173,"column":5}},"type":"if","locations":[{"start":{"line":168,"column":4},"end":{"line":173,"column":5}},{"start":{},"end":{}}],"line":168}},"s":{"0":2,"1":3,"2":3,"3":3,"4":0,"5":2,"6":4,"7":4,"8":4,"9":2,"10":2,"11":1,"12":1,"13":0,"14":2,"15":41,"16":41,"17":41,"18":0,"19":41,"20":42,"21":42,"22":0,"23":41,"24":41,"25":41,"26":0,"27":2,"28":4,"29":4,"30":4,"31":1,"32":3,"33":1,"34":2,"35":1,"36":1,"37":1,"38":0,"39":2,"40":2,"41":0,"42":2,"43":3,"44":3,"45":3,"46":1,"47":2,"48":1,"49":1,"50":1,"51":0},"f":{"0":3,"1":4,"2":41,"3":4,"4":3},"b":{"0":[2,2],"1":[1,1],"2":[0,41],"3":[41,41,41],"4":[0,42],"5":[1,3],"6":[1,2],"7":[1,1],"8":[0,1],"9":[1,2],"10":[1,1]},"_coverageSchema":"1a1c01bbd47fc00a2c39e90264f33305004495a9","hash":"cec089e0912adb04e9d879b5b2736d46b1fdb79b"}
,"C:\\Users\\anas0\\Desktop\\4ISI\\MERN\\mern_project\\server\\src\\middleware\\auth.js": {"path":"C:\\Users\\anas0\\Desktop\\4ISI\\MERN\\mern_project\\server\\src\\middleware\\auth.js","statementMap":{"0":{"start":{"line":4,"column":23},"end":{"line":36,"column":1}},"1":{"start":{"line":7,"column":2},"end":{"line":9,"column":3}},"2":{"start":{"line":8,"column":4},"end":{"line":8,"column":52}},"3":{"start":{"line":11,"column":2},"end":{"line":16,"column":3}},"4":{"start":{"line":12,"column":4},"end":{"line":15,"column":7}},"5":{"start":{"line":18,"column":2},"end":{"line":35,"column":3}},"6":{"start":{"line":19,"column":20},"end":{"line":19,"column":61}},"7":{"start":{"line":20,"column":4},"end":{"line":20,"column":67}},"8":{"start":{"line":22,"column":4},"end":{"line":27,"column":5}},"9":{"start":{"line":23,"column":6},"end":{"line":26,"column":9}},"10":{"start":{"line":29,"column":4},"end":{"line":29,"column":11}},"11":{"start":{"line":31,"column":4},"end":{"line":34,"column":7}}},"fnMap":{"0":{"name":"(anonymous_0)","decl":{"start":{"line":4,"column":23},"end":{"line":4,"column":24}},"loc":{"start":{"line":4,"column":49},"end":{"line":36,"column":1}},"line":4}},"branchMap":{"0":{"loc":{"start":{"line":7,"column":2},"end":{"line":9,"column":3}},"type":"if","locations":[{"start":{"line":7,"column":2},"end":{"line":9,"column":3}},{"start":{},"end":{}}],"line":7},"1":{"loc":{"start":{"line":11,"column":2},"end":{"line":16,"column":3}},"type":"if","locations":[{"start":{"line":11,"column":2},"end":{"line":16,"column":3}},{"start":{},"end":{}}],"line":11},"2":{"loc":{"start":{"line":22,"column":4},"end":{"line":27,"column":5}},"type":"if","locations":[{"start":{"line":22,"column":4},"end":{"line":27,"column":5}},{"start":{},"end":{}}],"line":22}},"s":{"0":5,"1":303,"2":292,"3":303,"4":11,"5":292,"6":292,"7":291,"8":291,"9":1,"10":290,"11":1},"f":{"0":303},"b":{"0":[292,11],"1":[11,292],"2":[1,290]},"_coverageSchema":"1a1c01bbd47fc00a2c39e90264f33305004495a9","hash":"a68f1b2018eb51f60943345fbba5dc2a6dcc4771"}
,"C:\\Users\\anas0\\Desktop\\4ISI\\MERN\\mern_project\\server\\src\\middleware\\errorHandler.js": {"path":"C:\\Users\\anas0\\Desktop\\4ISI\\MERN\\mern_project\\server\\src\\middleware\\errorHandler.js","statementMap":{"0":{"start":{"line":1,"column":21},"end":{"line":35,"column":1}},"1":{"start":{"line":2,"column":2},"end":{"line":2,"column":27}},"2":{"start":{"line":5,"column":2},"end":{"line":12,"column":3}},"3":{"start":{"line":6,"column":19},"end":{"line":6,"column":64}},"4":{"start":{"line":6,"column":54},"end":{"line":6,"column":63}},"5":{"start":{"line":7,"column":4},"end":{"line":11,"column":7}},"6":{"start":{"line":15,"column":2},"end":{"line":20,"column":3}},"7":{"start":{"line":16,"column":4},"end":{"line":19,"column":7}},"8":{"start":{"line":23,"column":2},"end":{"line":28,"column":3}},"9":{"start":{"line":24,"column":4},"end":{"line":27,"column":7}},"10":{"start":{"line":31,"column":2},"end":{"line":34,"column":5}}},"fnMap":{"0":{"name":"(anonymous_0)","decl":{"start":{"line":1,"column":21},"end":{"line":1,"column":22}},"loc":{"start":{"line":1,"column":46},"end":{"line":35,"column":1}},"line":1},"1":{"name":"(anonymous_1)","decl":{"start":{"line":6,"column":49},"end":{"line":6,"column":50}},"loc":{"start":{"line":6,"column":54},"end":{"line":6,"column":63}},"line":6}},"branchMap":{"0":{"loc":{"start":{"line":5,"column":2},"end":{"line":12,"column":3}},"type":"if","locations":[{"start":{"line":5,"column":2},"end":{"line":12,"column":3}},{"start":{},"end":{}}],"line":5},"1":{"loc":{"start":{"line":15,"column":2},"end":{"line":20,"column":3}},"type":"if","locations":[{"start":{"line":15,"column":2},"end":{"line":20,"column":3}},{"start":{},"end":{}}],"line":15},"2":{"loc":{"start":{"line":23,"column":2},"end":{"line":28,"column":3}},"type":"if","locations":[{"start":{"line":23,"column":2},"end":{"line":28,"column":3}},{"start":{},"end":{}}],"line":23},"3":{"loc":{"start":{"line":31,"column":13},"end":{"line":31,"column":34}},"type":"binary-expr","locations":[{"start":{"line":31,"column":13},"end":{"line":31,"column":27}},{"start":{"line":31,"column":31},"end":{"line":31,"column":34}}],"line":31},"4":{"loc":{"start":{"line":33,"column":13},"end":{"line":33,"column":44}},"type":"binary-expr","locations":[{"start":{"line":33,"column":13},"end":{"line":33,"column":24}},{"start":{"line":33,"column":28},"end":{"line":33,"column":44}}],"line":33}},"s":{"0":6,"1":7,"2":7,"3":1,"4":2,"5":1,"6":6,"7":1,"8":5,"9":1,"10":4},"f":{"0":7,"1":2},"b":{"0":[1,6],"1":[1,5],"2":[1,4],"3":[4,3],"4":[4,1]},"_coverageSchema":"1a1c01bbd47fc00a2c39e90264f33305004495a9","hash":"15322fa9a373adfe53e4ffc5e1dc9499a9a6c2bb"}
,"C:\\Users\\anas0\\Desktop\\4ISI\\MERN\\mern_project\\server\\src\\middleware\\validate.js": {"path":"C:\\Users\\anas0\\Desktop\\4ISI\\MERN\\mern_project\\server\\src\\middleware\\validate.js","statementMap":{"0":{"start":{"line":4,"column":24},"end":{"line":19,"column":1}},"1":{"start":{"line":5,"column":17},"end":{"line":5,"column":38}},"2":{"start":{"line":7,"column":2},"end":{"line":16,"column":3}},"3":{"start":{"line":8,"column":4},"end":{"line":15,"column":7}},"4":{"start":{"line":11,"column":41},"end":{"line":14,"column":7}},"5":{"start":{"line":18,"column":2},"end":{"line":18,"column":9}}},"fnMap":{"0":{"name":"(anonymous_0)","decl":{"start":{"line":4,"column":24},"end":{"line":4,"column":25}},"loc":{"start":{"line":4,"column":44},"end":{"line":19,"column":1}},"line":4},"1":{"name":"(anonymous_1)","decl":{"start":{"line":11,"column":33},"end":{"line":11,"column":34}},"loc":{"start":{"line":11,"column":41},"end":{"line":14,"column":7}},"line":11}},"branchMap":{"0":{"loc":{"start":{"line":7,"column":2},"end":{"line":16,"column":3}},"type":"if","locations":[{"start":{"line":7,"column":2},"end":{"line":16,"column":3}},{"start":{},"end":{}}],"line":7},"1":{"loc":{"start":{"line":12,"column":15},"end":{"line":12,"column":36}},"type":"binary-expr","locations":[{"start":{"line":12,"column":15},"end":{"line":12,"column":23}},{"start":{"line":12,"column":27},"end":{"line":12,"column":36}}],"line":12}},"s":{"0":5,"1":433,"2":433,"3":19,"4":27,"5":414},"f":{"0":433,"1":27},"b":{"0":[19,414],"1":[27,0]},"_coverageSchema":"1a1c01bbd47fc00a2c39e90264f33305004495a9","hash":"6b9ca9d0037360be38ba29f3b04c12172bc87400"}
,"C:\\Users\\anas0\\Desktop\\4ISI\\MERN\\mern_project\\server\\src\\models\\Exercise.js": {"path":"C:\\Users\\anas0\\Desktop\\4ISI\\MERN\\mern_project\\server\\src\\models\\Exercise.js","statementMap":{"0":{"start":{"line":3,"column":23},"end":{"line":40,"column":2}},"1":{"start":{"line":42,"column":0},"end":{"line":42,"column":60}},"2":{"start":{"line":43,"column":0},"end":{"line":43,"column":54}}},"fnMap":{},"branchMap":{},"s":{"0":3,"1":3,"2":3},"f":{},"b":{},"_coverageSchema":"1a1c01bbd47fc00a2c39e90264f33305004495a9","hash":"7dcf1598f3ffcd00365532c324327e65fb96be8c"}
,"C:\\Users\\anas0\\Desktop\\4ISI\\MERN\\mern_project\\server\\src\\models\\Progress.js": {"path":"C:\\Users\\anas0\\Desktop\\4ISI\\MERN\\mern_project\\server\\src\\models\\Progress.js","statementMap":{"0":{"start":{"line":3,"column":23},"end":{"line":30,"column":2}},"1":{"start":{"line":32,"column":0},"end":{"line":41,"column":3}},"2":{"start":{"line":33,"column":2},"end":{"line":40,"column":3}},"3":{"start":{"line":34,"column":17},"end":{"line":34,"column":39}},"4":{"start":{"line":35,"column":17},"end":{"line":35,"column":49}},"5":{"start":{"line":36,"column":4},"end":{"line":39,"column":5}},"6":{"start":{"line":37,"column":29},"end":{"line":37,"column":46}},"7":{"start":{"line":38,"column":6},"end":{"line":38,"column":89}}},"fnMap":{"0":{"name":"(anonymous_0)","decl":{"start":{"line":32,"column":27},"end":{"line":32,"column":28}},"loc":{"start":{"line":32,"column":44},"end":{"line":41,"column":1}},"line":32}},"branchMap":{"0":{"loc":{"start":{"line":33,"column":2},"end":{"line":40,"column":3}},"type":"if","locations":[{"start":{"line":33,"column":2},"end":{"line":40,"column":3}},{"start":{},"end":{}}],"line":33},"1":{"loc":{"start":{"line":36,"column":4},"end":{"line":39,"column":5}},"type":"if","locations":[{"start":{"line":36,"column":4},"end":{"line":39,"column":5}},{"start":{},"end":{}}],"line":36},"2":{"loc":{"start":{"line":36,"column":8},"end":{"line":36,"column":27}},"type":"binary-expr","locations":[{"start":{"line":36,"column":8},"end":{"line":36,"column":12}},{"start":{"line":36,"column":16},"end":{"line":36,"column":27}}],"line":36}},"s":{"0":1,"1":1,"2":51,"3":50,"4":50,"5":50,"6":50,"7":50},"f":{"0":51},"b":{"0":[50,1],"1":[50,0],"2":[50,50]},"_coverageSchema":"1a1c01bbd47fc00a2c39e90264f33305004495a9","hash":"703dec5c9936b2b3a8c1b7346eeac08ea49917db"}
,"C:\\Users\\anas0\\Desktop\\4ISI\\MERN\\mern_project\\server\\src\\models\\User.js": {"path":"C:\\Users\\anas0\\Desktop\\4ISI\\MERN\\mern_project\\server\\src\\models\\User.js","statementMap":{"0":{"start":{"line":4,"column":19},"end":{"line":48,"column":2}},"1":{"start":{"line":50,"column":0},"end":{"line":53,"column":3}},"2":{"start":{"line":51,"column":2},"end":{"line":51,"column":43}},"3":{"start":{"line":51,"column":36},"end":{"line":51,"column":43}},"4":{"start":{"line":52,"column":2},"end":{"line":52,"column":55}},"5":{"start":{"line":56,"column":0},"end":{"line":58,"column":2}},"6":{"start":{"line":57,"column":2},"end":{"line":57,"column":64}}},"fnMap":{"0":{"name":"(anonymous_0)","decl":{"start":{"line":50,"column":23},"end":{"line":50,"column":24}},"loc":{"start":{"line":50,"column":40},"end":{"line":53,"column":1}},"line":50},"1":{"name":"(anonymous_1)","decl":{"start":{"line":56,"column":37},"end":{"line":56,"column":38}},"loc":{"start":{"line":56,"column":71},"end":{"line":58,"column":1}},"line":56}},"branchMap":{"0":{"loc":{"start":{"line":51,"column":2},"end":{"line":51,"column":43}},"type":"if","locations":[{"start":{"line":51,"column":2},"end":{"line":51,"column":43}},{"start":{},"end":{}}],"line":51}},"s":{"0":5,"1":5,"2":152,"3":0,"4":152,"5":5,"6":2},"f":{"0":152,"1":2},"b":{"0":[0,152]},"_coverageSchema":"1a1c01bbd47fc00a2c39e90264f33305004495a9","hash":"1f60a153061693f2711240094ad0a858c335b431"}
,"C:\\Users\\anas0\\Desktop\\4ISI\\MERN\\mern_project\\server\\src\\models\\Workout.js": {"path":"C:\\Users\\anas0\\Desktop\\4ISI\\MERN\\mern_project\\server\\src\\models\\Workout.js","statementMap":{"0":{"start":{"line":3,"column":22},"end":{"line":46,"column":2}}},"fnMap":{},"branchMap":{},"s":{"0":2},"f":{},"b":{},"_coverageSchema":"1a1c01bbd47fc00a2c39e90264f33305004495a9","hash":"05a102eeb8dc0a3ef5e27377517333f4dbfda3bf"}
,"C:\\Users\\anas0\\Desktop\\4ISI\\MERN\\mern_project\\server\\src\\models\\WorkoutLog.js": {"path":"C:\\Users\\anas0\\Desktop\\4ISI\\MERN\\mern_project\\server\\src\\models\\WorkoutLog.js","statementMap":{"0":{"start":{"line":3,"column":25},"end":{"line":48,"column":2}},"1":{"start":{"line":50,"column":0},"end":{"line":50,"column":48}}},"fnMap":{},"branchMap":{},"s":{"0":1,"1":1},"f":{},"b":{},"_coverageSchema":"1a1c01bbd47fc00a2c39e90264f33305004495a9","hash":"e32d03906a6ca91f3e7d23a79ff262a98b357a78"}
,"C:\\Users\\anas0\\Desktop\\4ISI\\MERN\\mern_project\\server\\src\\routes\\authRoutes.js": {"path":"C:\\Users\\anas0\\Desktop\\4ISI\\MERN\\mern_project\\server\\src\\routes\\authRoutes.js","statementMap":{"0":{"start":{"line":7,"column":15},"end":{"line":7,"column":31}},"1":{"start":{"line":120,"column":0},"end":{"line":130,"column":13}},"2":{"start":{"line":179,"column":0},"end":{"line":183,"column":10}},"3":{"start":{"line":226,"column":0},"end":{"line":226,"column":34}}},"fnMap":{},"branchMap":{},"s":{"0":5,"1":5,"2":5,"3":5},"f":{},"b":{},"_coverageSchema":"1a1c01bbd47fc00a2c39e90264f33305004495a9","hash":"ea9680ab401146317e1fc9c0fa433de1949f185f"}
,"C:\\Users\\anas0\\Desktop\\4ISI\\MERN\\mern_project\\server\\src\\routes\\exerciseRoutes.js": {"path":"C:\\Users\\anas0\\Desktop\\4ISI\\MERN\\mern_project\\server\\src\\routes\\exerciseRoutes.js","statementMap":{"0":{"start":{"line":13,"column":15},"end":{"line":13,"column":31}},"1":{"start":{"line":112,"column":0},"end":{"line":117,"column":20}},"2":{"start":{"line":196,"column":0},"end":{"line":199,"column":20}},"3":{"start":{"line":325,"column":0},"end":{"line":333,"column":19}},"4":{"start":{"line":451,"column":0},"end":{"line":459,"column":19}},"5":{"start":{"line":508,"column":0},"end":{"line":511,"column":19}}},"fnMap":{},"branchMap":{},"s":{"0":3,"1":3,"2":3,"3":3,"4":3,"5":3},"f":{},"b":{},"_coverageSchema":"1a1c01bbd47fc00a2c39e90264f33305004495a9","hash":"33acd574d1027972a41094454394588632c9309d"}
,"C:\\Users\\anas0\\Desktop\\4ISI\\MERN\\mern_project\\server\\src\\routes\\logRoutes.js": {"path":"C:\\Users\\anas0\\Desktop\\4ISI\\MERN\\mern_project\\server\\src\\routes\\logRoutes.js","statementMap":{"0":{"start":{"line":14,"column":15},"end":{"line":14,"column":31}},"1":{"start":{"line":16,"column":0},"end":{"line":16,"column":20}},"2":{"start":{"line":60,"column":0},"end":{"line":65,"column":14}},"3":{"start":{"line":97,"column":0},"end":{"line":97,"column":36}},"4":{"start":{"line":121,"column":0},"end":{"line":124,"column":15}},"5":{"start":{"line":197,"column":0},"end":{"line":208,"column":14}},"6":{"start":{"line":245,"column":0},"end":{"line":251,"column":14}},"7":{"start":{"line":275,"column":0},"end":{"line":278,"column":14}}},"fnMap":{},"branchMap":{},"s":{"0":1,"1":1,"2":1,"3":1,"4":1,"5":1,"6":1,"7":1},"f":{},"b":{},"_coverageSchema":"1a1c01bbd47fc00a2c39e90264f33305004495a9","hash":"f5da27e80d8a113e9b848a5ecaf8212df114d0d7"}
,"C:\\Users\\anas0\\Desktop\\4ISI\\MERN\\mern_project\\server\\src\\routes\\progressRoutes.js": {"path":"C:\\Users\\anas0\\Desktop\\4ISI\\MERN\\mern_project\\server\\src\\routes\\progressRoutes.js","statementMap":{"0":{"start":{"line":12,"column":15},"end":{"line":12,"column":31}},"1":{"start":{"line":14,"column":0},"end":{"line":14,"column":20}},"2":{"start":{"line":61,"column":0},"end":{"line":65,"column":18}},"3":{"start":{"line":83,"column":0},"end":{"line":83,"column":41}},"4":{"start":{"line":140,"column":0},"end":{"line":148,"column":16}},"5":{"start":{"line":172,"column":0},"end":{"line":175,"column":19}}},"fnMap":{},"branchMap":{},"s":{"0":1,"1":1,"2":1,"3":1,"4":1,"5":1},"f":{},"b":{},"_coverageSchema":"1a1c01bbd47fc00a2c39e90264f33305004495a9","hash":"baf8eb2d4c035028e8df4417d775fe4cf59e23ba"}
,"C:\\Users\\anas0\\Desktop\\4ISI\\MERN\\mern_project\\server\\src\\routes\\workoutRoutes.js": {"path":"C:\\Users\\anas0\\Desktop\\4ISI\\MERN\\mern_project\\server\\src\\routes\\workoutRoutes.js","statementMap":{"0":{"start":{"line":13,"column":15},"end":{"line":13,"column":31}},"1":{"start":{"line":15,"column":0},"end":{"line":15,"column":20}},"2":{"start":{"line":49,"column":0},"end":{"line":49,"column":31}},"3":{"start":{"line":73,"column":0},"end":{"line":76,"column":19}},"4":{"start":{"line":143,"column":0},"end":{"line":153,"column":18}},"5":{"start":{"line":190,"column":0},"end":{"line":199,"column":18}},"6":{"start":{"line":223,"column":0},"end":{"line":226,"column":18}}},"fnMap":{},"branchMap":{},"s":{"0":2,"1":2,"2":2,"3":2,"4":2,"5":2,"6":2},"f":{},"b":{},"_coverageSchema":"1a1c01bbd47fc00a2c39e90264f33305004495a9","hash":"142b11ae808dacd2a2acc509da62817880006992"}
,"C:\\Users\\anas0\\Desktop\\4ISI\\MERN\\mern_project\\server\\src\\utils\\generateToken.js": {"path":"C:\\Users\\anas0\\Desktop\\4ISI\\MERN\\mern_project\\server\\src\\utils\\generateToken.js","statementMap":{"0":{"start":{"line":3,"column":29},"end":{"line":9,"column":1}},"1":{"start":{"line":4,"column":2},"end":{"line":8,"column":6}}},"fnMap":{"0":{"name":"(anonymous_0)","decl":{"start":{"line":3,"column":29},"end":{"line":3,"column":30}},"loc":{"start":{"line":3,"column":41},"end":{"line":9,"column":1}},"line":3}},"branchMap":{"0":{"loc":{"start":{"line":7,"column":19},"end":{"line":7,"column":50}},"type":"binary-expr","locations":[{"start":{"line":7,"column":19},"end":{"line":7,"column":41}},{"start":{"line":7,"column":45},"end":{"line":7,"column":50}}],"line":7}},"s":{"0":5,"1":153},"f":{"0":153},"b":{"0":[153,0]},"_coverageSchema":"1a1c01bbd47fc00a2c39e90264f33305004495a9","hash":"4f135a28eb87cbafdd8c28b54191ed82f3e38d11"}
}
