TN:
SF:src\__tests__\setup.js
FN:11,(anonymous_0)
FN:30,(anonymous_1)
FN:43,(anonymous_2)
FNF:3
FNH:3
FNDA:5,(anonymous_0)
FNDA:121,(anonymous_1)
FNDA:5,(anonymous_2)
DA:5,5
DA:8,5
DA:11,5
DA:12,5
DA:13,5
DA:14,5
DA:15,5
DA:19,5
DA:20,5
DA:21,12
DA:24,0
DA:25,0
DA:30,5
DA:31,121
DA:32,121
DA:33,121
DA:34,309
DA:37,0
DA:38,0
DA:43,5
DA:44,5
DA:46,5
DA:47,5
DA:48,12
DA:52,5
DA:53,5
DA:54,5
DA:55,5
DA:58,0
LF:29
LH:24
BRDA:13,0,0,5
BRDA:13,0,1,0
BRDA:52,1,0,5
BRDA:52,1,1,0
BRF:4
BRH:2
end_of_record
TN:
SF:src\controllers\authController.js
FN:7,(anonymous_0)
FN:55,(anonymous_1)
FN:110,(anonymous_2)
FNF:3
FNH:3
FNDA:153,(anonymous_0)
FNDA:3,(anonymous_1)
FNDA:1,(anonymous_2)
DA:7,5
DA:8,153
DA:9,153
DA:12,153
DA:13,153
DA:14,1
DA:21,152
DA:33,152
DA:35,152
DA:48,0
DA:55,5
DA:56,3
DA:57,3
DA:60,3
DA:61,0
DA:68,3
DA:70,3
DA:71,1
DA:78,2
DA:80,2
DA:81,1
DA:88,1
DA:90,1
DA:103,0
DA:110,5
DA:111,1
DA:112,1
DA:114,1
DA:119,0
LF:29
LH:25
BRDA:13,0,0,1
BRDA:13,0,1,152
BRDA:60,1,0,0
BRDA:60,1,1,3
BRDA:60,2,0,3
BRDA:60,2,1,3
BRDA:70,3,0,1
BRDA:70,3,1,2
BRDA:80,4,0,1
BRDA:80,4,1,1
BRF:10
BRH:9
end_of_record
TN:
SF:src\controllers\exerciseController.js
FN:6,(anonymous_0)
FN:32,(anonymous_1)
FN:59,(anonymous_2)
FN:79,(anonymous_3)
FN:115,(anonymous_4)
FNF:5
FNH:5
FNDA:7,(anonymous_0)
FNDA:3,(anonymous_1)
FNDA:73,(anonymous_2)
FNDA:3,(anonymous_3)
FNDA:3,(anonymous_4)
DA:6,3
DA:7,7
DA:8,7
DA:11,7
DA:13,7
DA:14,7
DA:15,7
DA:17,7
DA:19,7
DA:25,0
DA:32,3
DA:33,3
DA:35,3
DA:40,3
DA:41,2
DA:47,1
DA:52,0
DA:59,3
DA:60,73
DA:62,73
DA:64,73
DA:66,73
DA:72,0
DA:79,3
DA:80,3
DA:82,3
DA:87,3
DA:88,2
DA:95,1
DA:97,1
DA:102,1
DA:108,0
DA:115,3
DA:116,3
DA:118,3
DA:123,3
DA:124,2
DA:130,1
DA:132,1
DA:137,0
LF:40
LH:35
BRDA:13,0,0,1
BRDA:13,0,1,6
BRDA:14,1,0,2
BRDA:14,1,1,5
BRDA:15,2,0,2
BRDA:15,2,1,5
BRDA:40,3,0,2
BRDA:40,3,1,1
BRDA:87,4,0,2
BRDA:87,4,1,1
BRDA:123,5,0,2
BRDA:123,5,1,1
BRF:12
BRH:12
end_of_record
TN:
SF:src\controllers\logController.js
FN:8,(anonymous_0)
FN:40,(anonymous_1)
FN:73,(anonymous_2)
FN:133,(anonymous_3)
FN:171,(anonymous_4)
FN:204,(anonymous_5)
FN:210,(anonymous_6)
FN:214,(anonymous_7)
FNF:8
FNH:8
FNDA:7,(anonymous_0)
FNDA:4,(anonymous_1)
FNDA:36,(anonymous_2)
FNDA:3,(anonymous_3)
FNDA:3,(anonymous_4)
FNDA:1,(anonymous_5)
FNDA:2,(anonymous_6)
FNDA:1,(anonymous_7)
DA:8,1
DA:9,7
DA:10,7
DA:12,7
DA:15,7
DA:16,3
DA:17,3
DA:18,3
DA:21,7
DA:27,7
DA:33,0
DA:40,1
DA:41,4
DA:42,4
DA:46,4
DA:47,2
DA:54,2
DA:55,1
DA:61,1
DA:66,0
DA:73,1
DA:74,36
DA:75,36
DA:78,36
DA:79,0
DA:86,36
DA:87,3
DA:88,3
DA:89,2
DA:97,34
DA:98,34
DA:99,34
DA:100,1
DA:108,33
DA:118,33
DA:120,33
DA:126,0
DA:133,1
DA:134,3
DA:135,3
DA:137,3
DA:138,1
DA:145,2
DA:146,1
DA:152,1
DA:158,1
DA:164,0
DA:171,1
DA:172,3
DA:173,3
DA:175,3
DA:176,1
DA:183,2
DA:184,1
DA:190,1
DA:192,1
DA:197,0
DA:204,1
DA:205,1
DA:206,1
DA:209,1
DA:210,2
DA:213,1
DA:214,1
DA:217,1
DA:227,0
LF:66
LH:59
BRDA:10,0,0,6
BRDA:15,1,0,3
BRDA:15,1,1,4
BRDA:15,2,0,7
BRDA:15,2,1,5
BRDA:17,3,0,2
BRDA:17,3,1,1
BRDA:18,4,0,2
BRDA:18,4,1,1
BRDA:46,5,0,2
BRDA:46,5,1,2
BRDA:54,6,0,1
BRDA:54,6,1,1
BRDA:78,7,0,0
BRDA:78,7,1,36
BRDA:78,8,0,36
BRDA:78,8,1,36
BRDA:86,9,0,3
BRDA:86,9,1,33
BRDA:88,10,0,2
BRDA:88,10,1,1
BRDA:88,11,0,3
BRDA:88,11,1,2
BRDA:99,12,0,1
BRDA:99,12,1,33
BRDA:114,13,0,33
BRDA:114,13,1,19
BRDA:137,14,0,1
BRDA:137,14,1,2
BRDA:145,15,0,1
BRDA:145,15,1,1
BRDA:175,16,0,1
BRDA:175,16,1,2
BRDA:183,17,0,1
BRDA:183,17,1,1
BRDA:210,18,0,2
BRDA:210,18,1,0
BRDA:213,19,0,1
BRDA:213,19,1,0
BRDA:222,20,0,1
BRDA:222,20,1,0
BRF:41
BRH:37
end_of_record
TN:
SF:src\controllers\progressController.js
FN:7,(anonymous_0)
FN:35,(anonymous_1)
FN:69,(anonymous_2)
FN:102,(anonymous_3)
FNF:4
FNH:4
FNDA:9,(anonymous_0)
FNDA:51,(anonymous_1)
FNDA:4,(anonymous_2)
FNDA:2,(anonymous_3)
DA:7,1
DA:8,9
DA:9,9
DA:11,9
DA:14,9
DA:15,3
DA:16,3
DA:17,3
DA:20,9
DA:22,9
DA:28,0
DA:35,1
DA:36,51
DA:37,51
DA:40,51
DA:42,51
DA:43,51
DA:44,50
DA:45,50
DA:48,51
DA:56,51
DA:62,0
DA:69,1
DA:70,4
DA:71,4
DA:73,4
DA:74,2
DA:81,2
DA:82,1
DA:88,1
DA:90,1
DA:95,0
DA:102,1
DA:103,2
DA:104,2
DA:107,2
DA:108,1
DA:114,1
DA:119,0
LF:39
LH:35
BRDA:14,0,0,3
BRDA:14,0,1,6
BRDA:14,1,0,9
BRDA:14,1,1,7
BRDA:16,2,0,2
BRDA:16,2,1,1
BRDA:17,3,0,2
BRDA:17,3,1,1
BRDA:43,4,0,50
BRDA:43,4,1,1
BRDA:43,5,0,51
BRDA:43,5,1,50
BRDA:52,6,0,51
BRDA:52,6,1,38
BRDA:73,7,0,2
BRDA:73,7,1,2
BRDA:81,8,0,1
BRDA:81,8,1,1
BRDA:107,9,0,1
BRDA:107,9,1,1
BRF:20
BRH:20
end_of_record
TN:
SF:src\controllers\workoutController.js
FN:7,(anonymous_0)
FN:26,(anonymous_1)
FN:58,(anonymous_2)
FN:105,(anonymous_3)
FN:156,(anonymous_4)
FNF:5
FNH:5
FNDA:3,(anonymous_0)
FNDA:4,(anonymous_1)
FNDA:41,(anonymous_2)
FNDA:4,(anonymous_3)
FNDA:3,(anonymous_4)
DA:7,2
DA:8,3
DA:9,3
DA:13,3
DA:19,0
DA:26,2
DA:27,4
DA:28,4
DA:31,4
DA:32,2
DA:39,2
DA:40,1
DA:46,1
DA:51,0
DA:58,2
DA:59,41
DA:60,41
DA:63,41
DA:64,0
DA:71,41
DA:72,42
DA:73,42
DA:74,0
DA:82,41
DA:90,41
DA:92,41
DA:98,0
DA:105,2
DA:106,4
DA:107,4
DA:109,4
DA:110,1
DA:117,3
DA:118,1
DA:125,2
DA:126,1
DA:127,1
DA:128,1
DA:129,0
DA:137,2
DA:143,2
DA:149,0
DA:156,2
DA:157,3
DA:158,3
DA:160,3
DA:161,1
DA:168,2
DA:169,1
DA:175,1
DA:177,1
DA:182,0
LF:52
LH:44
BRDA:31,0,0,2
BRDA:31,0,1,2
BRDA:39,1,0,1
BRDA:39,1,1,1
BRDA:63,2,0,0
BRDA:63,2,1,41
BRDA:63,3,0,41
BRDA:63,3,1,41
BRDA:63,3,2,41
BRDA:73,4,0,0
BRDA:73,4,1,42
BRDA:109,5,0,1
BRDA:109,5,1,3
BRDA:117,6,0,1
BRDA:117,6,1,2
BRDA:125,7,0,1
BRDA:125,7,1,1
BRDA:128,8,0,0
BRDA:128,8,1,1
BRDA:160,9,0,1
BRDA:160,9,1,2
BRDA:168,10,0,1
BRDA:168,10,1,1
BRF:23
BRH:20
end_of_record
TN:
SF:src\middleware\auth.js
FN:4,(anonymous_0)
FNF:1
FNH:1
FNDA:303,(anonymous_0)
DA:4,5
DA:7,303
DA:8,292
DA:11,303
DA:12,11
DA:18,292
DA:19,292
DA:20,291
DA:22,291
DA:23,1
DA:29,290
DA:31,1
LF:12
LH:12
BRDA:7,0,0,292
BRDA:7,0,1,11
BRDA:11,1,0,11
BRDA:11,1,1,292
BRDA:22,2,0,1
BRDA:22,2,1,290
BRF:6
BRH:6
end_of_record
TN:
SF:src\middleware\errorHandler.js
FN:1,(anonymous_0)
FN:6,(anonymous_1)
FNF:2
FNH:2
FNDA:7,(anonymous_0)
FNDA:2,(anonymous_1)
DA:1,6
DA:2,7
DA:5,7
DA:6,2
DA:7,1
DA:15,6
DA:16,1
DA:23,5
DA:24,1
DA:31,4
LF:10
LH:10
BRDA:5,0,0,1
BRDA:5,0,1,6
BRDA:15,1,0,1
BRDA:15,1,1,5
BRDA:23,2,0,1
BRDA:23,2,1,4
BRDA:31,3,0,4
BRDA:31,3,1,3
BRDA:33,4,0,4
BRDA:33,4,1,1
BRF:10
BRH:10
end_of_record
TN:
SF:src\middleware\validate.js
FN:4,(anonymous_0)
FN:11,(anonymous_1)
FNF:2
FNH:2
FNDA:433,(anonymous_0)
FNDA:27,(anonymous_1)
DA:4,5
DA:5,433
DA:7,433
DA:8,19
DA:11,27
DA:18,414
LF:6
LH:6
BRDA:7,0,0,19
BRDA:7,0,1,414
BRDA:12,1,0,27
BRDA:12,1,1,0
BRF:4
BRH:3
end_of_record
TN:
SF:src\models\Exercise.js
FNF:0
FNH:0
DA:3,3
DA:42,3
DA:43,3
LF:3
LH:3
BRF:0
BRH:0
end_of_record
TN:
SF:src\models\Progress.js
FN:32,(anonymous_0)
FNF:1
FNH:1
FNDA:51,(anonymous_0)
DA:3,1
DA:32,1
DA:33,51
DA:34,50
DA:35,50
DA:36,50
DA:37,50
DA:38,50
LF:8
LH:8
BRDA:33,0,0,50
BRDA:33,0,1,1
BRDA:36,1,0,50
BRDA:36,1,1,0
BRDA:36,2,0,50
BRDA:36,2,1,50
BRF:6
BRH:5
end_of_record
TN:
SF:src\models\User.js
FN:50,(anonymous_0)
FN:56,(anonymous_1)
FNF:2
FNH:2
FNDA:152,(anonymous_0)
FNDA:2,(anonymous_1)
DA:4,5
DA:50,5
DA:51,152
DA:52,152
DA:56,5
DA:57,2
LF:6
LH:6
BRDA:51,0,0,0
BRDA:51,0,1,152
BRF:2
BRH:1
end_of_record
TN:
SF:src\models\Workout.js
FNF:0
FNH:0
DA:3,2
LF:1
LH:1
BRF:0
BRH:0
end_of_record
TN:
SF:src\models\WorkoutLog.js
FNF:0
FNH:0
DA:3,1
DA:50,1
LF:2
LH:2
BRF:0
BRH:0
end_of_record
TN:
SF:src\routes\authRoutes.js
FNF:0
FNH:0
DA:7,5
DA:120,5
DA:179,5
DA:226,5
LF:4
LH:4
BRF:0
BRH:0
end_of_record
TN:
SF:src\routes\exerciseRoutes.js
FNF:0
FNH:0
DA:13,3
DA:112,3
DA:196,3
DA:325,3
DA:451,3
DA:508,3
LF:6
LH:6
BRF:0
BRH:0
end_of_record
TN:
SF:src\routes\logRoutes.js
FNF:0
FNH:0
DA:14,1
DA:16,1
DA:60,1
DA:97,1
DA:121,1
DA:197,1
DA:245,1
DA:275,1
LF:8
LH:8
BRF:0
BRH:0
end_of_record
TN:
SF:src\routes\progressRoutes.js
FNF:0
FNH:0
DA:12,1
DA:14,1
DA:61,1
DA:83,1
DA:140,1
DA:172,1
LF:6
LH:6
BRF:0
BRH:0
end_of_record
TN:
SF:src\routes\workoutRoutes.js
FNF:0
FNH:0
DA:13,2
DA:15,2
DA:49,2
DA:73,2
DA:143,2
DA:190,2
DA:223,2
LF:7
LH:7
BRF:0
BRH:0
end_of_record
TN:
SF:src\utils\generateToken.js
FN:3,(anonymous_0)
FNF:1
FNH:1
FNDA:153,(anonymous_0)
DA:3,5
DA:4,153
LF:2
LH:2
BRDA:7,0,0,153
BRDA:7,0,1,0
BRF:2
BRH:1
end_of_record
